<?xml version="1.0" encoding="UTF-8"?>
<!-- Generated by org.testng.reporters.JUnitXMLReporter -->
<testsuite ignored="1" hostname="TN-5036030" failures="0" tests="1" name="Default test" time="3.281" errors="0" timestamp="2024-09-19T00:26:19 EDT">
  <testcase classname="com.bmg360.apiautomation.apitest.ApiTests" name="test_GET_calldetails_perday" time="3.13"/>
  <testcase classname="com.bmg360.apiautomation.apitest.ApiTests" name="test_GET_concurrentcalls" time="0.0">
    <ignored/>
  </testcase> <!-- test_GET_concurrentcalls -->
</testsuite> <!-- Default test -->
