<?xml version="1.0" encoding="UTF-8"?>
<!-- Generated by org.testng.reporters.JUnitXMLReporter -->
<testsuite ignored="0" hostname="TN-5036030" failures="1" tests="3" name="ApiTests" time="3.704" errors="0" timestamp="2024-09-19T00:34:04 EDT">
  <testcase classname="com.bmg360.apiautomation.apitest.ApiTests" name="test_GET_calldetails_perday" time="2.891"/>
  <testcase classname="com.bmg360.apiautomation.apitest.ApiTests" name="test_GET_concurrentcalls" time="0.325"/>
  <testcase classname="com.bmg360.apiautomation.apitest.ApiTests" name="test_GET_record" time="0.336">
    <failure type="java.lang.AssertionError" message="2 expectations failed.
Expected status code &amp;lt;200&amp;gt; but was &amp;lt;401&amp;gt;.

Expected content-type &amp;quot;application/json&amp;quot; doesn&amp;apos;t match actual content-type &amp;quot;text/html; charset=UTF-8&amp;quot;.
">
      <![CDATA[java.lang.AssertionError: 2 expectations failed.
Expected status code <200> but was <401>.

Expected content-type "application/json" doesn't match actual content-type "text/html; charset=UTF-8".

at org.codehaus.groovy.runtime.callsite.ConstructorSite$ConstructorSiteNoUnwrapNoCoerce.callConstructor(ConstructorSite.java:108)
at org.codehaus.groovy.runtime.callsite.CallSiteArray.defaultCallConstructor(CallSiteArray.java:58)
at org.codehaus.groovy.runtime.callsite.AbstractCallSite.callConstructor(AbstractCallSite.java:263)
at org.codehaus.groovy.runtime.callsite.AbstractCallSite.callConstructor(AbstractCallSite.java:277)
at io.restassured.internal.ResponseSpecificationImpl$HamcrestAssertionClosure.validate(ResponseSpecificationImpl.groovy:512)
at io.restassured.internal.ResponseSpecificationImpl$HamcrestAssertionClosure$validate$1.call(Unknown Source)
at io.restassured.internal.ResponseSpecificationImpl.validate(ResponseSpecificationImpl.groovy:101)
at io.restassured.internal.ValidatableResponseOptionsImpl.spec(ValidatableResponseOptionsImpl.java:288)
at com.bmg360.apiautomation.api.BaseTest.getWithOutQueryParameters(BaseTest.java:57)
at com.bmg360.apiautomation.apitest.ApiTests.test_GET_record(ApiTests.java:54)
at java.base/java.util.ArrayList.forEach(ArrayList.java:1597)
... Removed 33 stack frames]]>
    </failure>
  </testcase> <!-- test_GET_record -->
</testsuite> <!-- ApiTests -->
