<?xml version="1.0" encoding="UTF-8"?>
<testsuite xmlns:xsi="http://www.w3.org/2001/XMLSchema-instance" xsi:noNamespaceSchemaLocation="https://maven.apache.org/surefire/maven-surefire-plugin/xsd/surefire-test-report-3.0.xsd" version="3.0" name="TestSuite" time="24.388" tests="9" errors="0" skipped="0" failures="3">
  <properties>
[...]
</properties>
  <testcase name="test_GET_calldetails" classname="com.bmg360.apiautomation.apitest.ApiTests" time="17.61">
    <failure message="2 expectations failed.&#10;Expected status code &lt;200&gt; but was &lt;500&gt;.&#10;&#10;Expected content-type &quot;application/json&quot; doesn&apos;t match actual content-type &quot;text/html; charset=UTF-8&quot;.&#10;" type="java.lang.AssertionError"><![CDATA[java.lang.AssertionError: 
2 expectations failed.
Expected status code <200> but was <500>.

Expected content-type "application/json" doesn't match actual content-type "text/html; charset=UTF-8".

	at java.base/jdk.internal.reflect.DirectConstructorHandleAccessor.newInstance(DirectConstructorHandleAccessor.java:62)
	at java.base/java.lang.reflect.Constructor.newInstanceWithCaller(Constructor.java:502)
	at java.base/java.lang.reflect.Constructor.newInstance(Constructor.java:486)
	at org.codehaus.groovy.reflection.CachedConstructor.invoke(CachedConstructor.java:73)
	at org.codehaus.groovy.runtime.callsite.ConstructorSite$ConstructorSiteNoUnwrapNoCoerce.callConstructor(ConstructorSite.java:108)
	at org.codehaus.groovy.runtime.callsite.CallSiteArray.defaultCallConstructor(CallSiteArray.java:57)
	at org.codehaus.groovy.runtime.callsite.AbstractCallSite.callConstructor(AbstractCallSite.java:263)
	at org.codehaus.groovy.runtime.callsite.AbstractCallSite.callConstructor(AbstractCallSite.java:277)
	at io.restassured.internal.ResponseSpecificationImpl$HamcrestAssertionClosure.validate(ResponseSpecificationImpl.groovy:512)
	at io.restassured.internal.ResponseSpecificationImpl$HamcrestAssertionClosure$validate$1.call(Unknown Source)
	at org.codehaus.groovy.runtime.callsite.CallSiteArray.defaultCall(CallSiteArray.java:45)
	at org.codehaus.groovy.runtime.callsite.AbstractCallSite.call(AbstractCallSite.java:125)
	at org.codehaus.groovy.runtime.callsite.AbstractCallSite.call(AbstractCallSite.java:139)
	at io.restassured.internal.ResponseSpecificationImpl.validate(ResponseSpecificationImpl.groovy:101)
	at io.restassured.internal.ValidatableResponseOptionsImpl.spec(ValidatableResponseOptionsImpl.java:288)
	at com.bmg360.apiautomation.api.BaseTest.getWithOutQueryParameters(BaseTest.java:57)
	at com.bmg360.apiautomation.apitest.ApiTests.test_GET_calldetails(ApiTests.java:68)
	at java.base/jdk.internal.reflect.DirectMethodHandleAccessor.invoke(DirectMethodHandleAccessor.java:103)
	at java.base/java.lang.reflect.Method.invoke(Method.java:580)
	at org.testng.internal.invokers.MethodInvocationHelper.invokeMethod(MethodInvocationHelper.java:139)
	at org.testng.internal.invokers.TestInvoker.invokeMethod(TestInvoker.java:677)
	at org.testng.internal.invokers.TestInvoker.invokeTestMethod(TestInvoker.java:221)
	at org.testng.internal.invokers.MethodRunner.runInSequence(MethodRunner.java:50)
	at org.testng.internal.invokers.TestInvoker$MethodInvocationAgent.invoke(TestInvoker.java:969)
	at org.testng.internal.invokers.TestInvoker.invokeTestMethods(TestInvoker.java:194)
	at org.testng.internal.invokers.TestMethodWorker.invokeTestMethods(TestMethodWorker.java:148)
	at org.testng.internal.invokers.TestMethodWorker.run(TestMethodWorker.java:128)
	at java.base/java.util.ArrayList.forEach(ArrayList.java:1597)
	at org.testng.TestRunner.privateRun(TestRunner.java:829)
	at org.testng.TestRunner.run(TestRunner.java:602)
	at org.testng.SuiteRunner.runTest(SuiteRunner.java:437)
	at org.testng.SuiteRunner.runSequentially(SuiteRunner.java:431)
	at org.testng.SuiteRunner.privateRun(SuiteRunner.java:391)
	at org.testng.SuiteRunner.run(SuiteRunner.java:330)
	at org.testng.SuiteRunnerWorker.runSuite(SuiteRunnerWorker.java:52)
	at org.testng.SuiteRunnerWorker.run(SuiteRunnerWorker.java:95)
	at org.testng.TestNG.runSuitesSequentially(TestNG.java:1256)
	at org.testng.TestNG.runSuitesLocally(TestNG.java:1176)
	at org.testng.TestNG.runSuites(TestNG.java:1099)
	at org.testng.TestNG.run(TestNG.java:1067)
	at org.apache.maven.surefire.testng.TestNGExecutor.run(TestNGExecutor.java:308)
	at org.apache.maven.surefire.testng.TestNGXmlTestSuite.execute(TestNGXmlTestSuite.java:71)
	at org.apache.maven.surefire.testng.TestNGProvider.invoke(TestNGProvider.java:113)
	at org.apache.maven.surefire.booter.ForkedBooter.runSuitesInProcess(ForkedBooter.java:385)
	at org.apache.maven.surefire.booter.ForkedBooter.execute(ForkedBooter.java:162)
	at org.apache.maven.surefire.booter.ForkedBooter.run(ForkedBooter.java:507)
	at org.apache.maven.surefire.booter.ForkedBooter.main(ForkedBooter.java:495)
]]></failure>
    <system-err><![CDATA[SLF4J: Failed to load class "org.slf4j.impl.StaticLoggerBinder".
SLF4J: Defaulting to no-operation (NOP) logger implementation
SLF4J: See http://www.slf4j.org/codes.html#StaticLoggerBinder for further details.
]]></system-err>
  </testcase>
  <testcase name="test_GET_calldetails_perday" classname="com.bmg360.apiautomation.apitest.ApiTests" time="1.384">
    <system-out><![CDATA[Random date :2024-01-14
Response from  : /api/calldetails/{calldetail}:200
Response from  : /api/calldetails/{calldetail}:[{"platform_client_id":"031919","platform_camp_id":"rr_8258801","call_count":1},{"platform_client_id":"672013","platform_camp_id":"rr_9528166","call_count":3},{"platform_client_id":"672013","platform_camp_id":"rr_9528802","call_count":7},{"platform_client_id":"672013","platform_camp_id":"rr_9528796","call_count":6},{"platform_client_id":"672013","platform_camp_id":"rr_9523763","call_count":2},{"platform_client_id":"672013","platform_camp_id":"rr_9528795","call_count":15},{"platform_client_id":"672013","platform_camp_id":"rr_9340722","call_count":1},{"platform_client_id":"3197","platform_camp_id":"rr_565329","call_count":2},{"platform_client_id":"672013","platform_camp_id":"rr_8957935","call_count":1},{"platform_client_id":"672013","platform_camp_id":"rr_9527835","call_count":1},{"platform_client_id":"672013","platform_camp_id":"rr_9528863","call_count":1},{"platform_client_id":"672013","platform_camp_id":"rr_9523764","call_count":1}]
Size of the array : 12
]]></system-out>
  </testcase>
  <testcase name="test_GET_client" classname="com.bmg360.apiautomation.apitest.ApiTests" time="0.354">
    <system-out><![CDATA[Response from  : /api/client:200
Response from  : /api/client:{"data":[]}
]]></system-out>
  </testcase>
  <testcase name="test_GET_client_details" classname="com.bmg360.apiautomation.apitest.ApiTests" time="0.332">
    <failure message="2 expectations failed.&#10;Expected status code &lt;200&gt; but was &lt;404&gt;.&#10;&#10;Expected content-type &quot;application/json&quot; doesn&apos;t match actual content-type &quot;text/html; charset=UTF-8&quot;.&#10;" type="java.lang.AssertionError"><![CDATA[java.lang.AssertionError: 
2 expectations failed.
Expected status code <200> but was <404>.

Expected content-type "application/json" doesn't match actual content-type "text/html; charset=UTF-8".

	at java.base/jdk.internal.reflect.DirectConstructorHandleAccessor.newInstance(DirectConstructorHandleAccessor.java:62)
	at java.base/java.lang.reflect.Constructor.newInstanceWithCaller(Constructor.java:502)
	at java.base/java.lang.reflect.Constructor.newInstance(Constructor.java:486)
	at org.codehaus.groovy.reflection.CachedConstructor.invoke(CachedConstructor.java:73)
	at org.codehaus.groovy.runtime.callsite.ConstructorSite$ConstructorSiteNoUnwrapNoCoerce.callConstructor(ConstructorSite.java:108)
	at org.codehaus.groovy.runtime.callsite.AbstractCallSite.callConstructor(AbstractCallSite.java:277)
	at io.restassured.internal.ResponseSpecificationImpl$HamcrestAssertionClosure.validate(ResponseSpecificationImpl.groovy:512)
	at io.restassured.internal.ResponseSpecificationImpl$HamcrestAssertionClosure$validate$1.call(Unknown Source)
	at io.restassured.internal.ResponseSpecificationImpl.validate(ResponseSpecificationImpl.groovy:101)
	at io.restassured.internal.ValidatableResponseOptionsImpl.spec(ValidatableResponseOptionsImpl.java:288)
	at com.bmg360.apiautomation.api.BaseTest.getWithOutQueryParameters(BaseTest.java:57)
	at com.bmg360.apiautomation.apitest.ApiTests.test_GET_client_details(ApiTests.java:166)
	at java.base/jdk.internal.reflect.DirectMethodHandleAccessor.invoke(DirectMethodHandleAccessor.java:103)
	at java.base/java.lang.reflect.Method.invoke(Method.java:580)
	at org.testng.internal.invokers.MethodInvocationHelper.invokeMethod(MethodInvocationHelper.java:139)
	at org.testng.internal.invokers.TestInvoker.invokeMethod(TestInvoker.java:677)
	at org.testng.internal.invokers.TestInvoker.invokeTestMethod(TestInvoker.java:221)
	at org.testng.internal.invokers.MethodRunner.runInSequence(MethodRunner.java:50)
	at org.testng.internal.invokers.TestInvoker$MethodInvocationAgent.invoke(TestInvoker.java:969)
	at org.testng.internal.invokers.TestInvoker.invokeTestMethods(TestInvoker.java:194)
	at org.testng.internal.invokers.TestMethodWorker.invokeTestMethods(TestMethodWorker.java:148)
	at org.testng.internal.invokers.TestMethodWorker.run(TestMethodWorker.java:128)
	at java.base/java.util.ArrayList.forEach(ArrayList.java:1597)
	at org.testng.TestRunner.privateRun(TestRunner.java:829)
	at org.testng.TestRunner.run(TestRunner.java:602)
	at org.testng.SuiteRunner.runTest(SuiteRunner.java:437)
	at org.testng.SuiteRunner.runSequentially(SuiteRunner.java:431)
	at org.testng.SuiteRunner.privateRun(SuiteRunner.java:391)
	at org.testng.SuiteRunner.run(SuiteRunner.java:330)
	at org.testng.SuiteRunnerWorker.runSuite(SuiteRunnerWorker.java:52)
	at org.testng.SuiteRunnerWorker.run(SuiteRunnerWorker.java:95)
	at org.testng.TestNG.runSuitesSequentially(TestNG.java:1256)
	at org.testng.TestNG.runSuitesLocally(TestNG.java:1176)
	at org.testng.TestNG.runSuites(TestNG.java:1099)
	at org.testng.TestNG.run(TestNG.java:1067)
	at org.apache.maven.surefire.testng.TestNGExecutor.run(TestNGExecutor.java:308)
	at org.apache.maven.surefire.testng.TestNGXmlTestSuite.execute(TestNGXmlTestSuite.java:71)
	at org.apache.maven.surefire.testng.TestNGProvider.invoke(TestNGProvider.java:113)
	at org.apache.maven.surefire.booter.ForkedBooter.runSuitesInProcess(ForkedBooter.java:385)
	at org.apache.maven.surefire.booter.ForkedBooter.execute(ForkedBooter.java:162)
	at org.apache.maven.surefire.booter.ForkedBooter.run(ForkedBooter.java:507)
	at org.apache.maven.surefire.booter.ForkedBooter.main(ForkedBooter.java:495)
]]></failure>
    <system-out><![CDATA[Random integer: 30
]]></system-out>
  </testcase>
  <testcase name="test_GET_concurrentcallers" classname="com.bmg360.apiautomation.apitest.ApiTests" time="1.14">
    <system-out><![CDATA[Random integer: 22
Response from  : /api/concurrentcallers/{concurrentcaller}:200
Response from  : /api/concurrentcallers/{concurrentcaller}:{"concurrent_callers":0}
]]></system-out>
  </testcase>
  <testcase name="test_GET_concurrentcalls" classname="com.bmg360.apiautomation.apitest.ApiTests" time="0.302">
    <system-out><![CDATA[Response from  : /api/concurrentcallers:200
Response from  : /api/concurrentcallers:{"concurrent_callers":2,"concurrent_callers_by_campaign":[{"platform_camp_id":"rr_9528972","active_calls":2}]}
]]></system-out>
  </testcase>
  <testcase name="test_GET_record" classname="com.bmg360.apiautomation.apitest.ApiTests" time="0.29">
    <failure message="2 expectations failed.&#10;Expected status code &lt;200&gt; but was &lt;401&gt;.&#10;&#10;Expected content-type &quot;application/json&quot; doesn&apos;t match actual content-type &quot;text/html; charset=UTF-8&quot;.&#10;" type="java.lang.AssertionError"><![CDATA[java.lang.AssertionError: 
2 expectations failed.
Expected status code <200> but was <401>.

Expected content-type "application/json" doesn't match actual content-type "text/html; charset=UTF-8".

	at java.base/jdk.internal.reflect.DirectConstructorHandleAccessor.newInstance(DirectConstructorHandleAccessor.java:62)
	at java.base/java.lang.reflect.Constructor.newInstanceWithCaller(Constructor.java:502)
	at java.base/java.lang.reflect.Constructor.newInstance(Constructor.java:486)
	at org.codehaus.groovy.reflection.CachedConstructor.invoke(CachedConstructor.java:73)
	at org.codehaus.groovy.runtime.callsite.ConstructorSite$ConstructorSiteNoUnwrapNoCoerce.callConstructor(ConstructorSite.java:108)
	at org.codehaus.groovy.runtime.callsite.AbstractCallSite.callConstructor(AbstractCallSite.java:277)
	at io.restassured.internal.ResponseSpecificationImpl$HamcrestAssertionClosure.validate(ResponseSpecificationImpl.groovy:512)
	at io.restassured.internal.ResponseSpecificationImpl$HamcrestAssertionClosure$validate$1.call(Unknown Source)
	at io.restassured.internal.ResponseSpecificationImpl.validate(ResponseSpecificationImpl.groovy:101)
	at io.restassured.internal.ValidatableResponseOptionsImpl.spec(ValidatableResponseOptionsImpl.java:288)
	at com.bmg360.apiautomation.api.BaseTest.getWithOutQueryParameters(BaseTest.java:57)
	at com.bmg360.apiautomation.apitest.ApiTests.test_GET_record(ApiTests.java:57)
	at java.base/jdk.internal.reflect.DirectMethodHandleAccessor.invoke(DirectMethodHandleAccessor.java:103)
	at java.base/java.lang.reflect.Method.invoke(Method.java:580)
	at org.testng.internal.invokers.MethodInvocationHelper.invokeMethod(MethodInvocationHelper.java:139)
	at org.testng.internal.invokers.TestInvoker.invokeMethod(TestInvoker.java:677)
	at org.testng.internal.invokers.TestInvoker.invokeTestMethod(TestInvoker.java:221)
	at org.testng.internal.invokers.MethodRunner.runInSequence(MethodRunner.java:50)
	at org.testng.internal.invokers.TestInvoker$MethodInvocationAgent.invoke(TestInvoker.java:969)
	at org.testng.internal.invokers.TestInvoker.invokeTestMethods(TestInvoker.java:194)
	at org.testng.internal.invokers.TestMethodWorker.invokeTestMethods(TestMethodWorker.java:148)
	at org.testng.internal.invokers.TestMethodWorker.run(TestMethodWorker.java:128)
	at java.base/java.util.ArrayList.forEach(ArrayList.java:1597)
	at org.testng.TestRunner.privateRun(TestRunner.java:829)
	at org.testng.TestRunner.run(TestRunner.java:602)
	at org.testng.SuiteRunner.runTest(SuiteRunner.java:437)
	at org.testng.SuiteRunner.runSequentially(SuiteRunner.java:431)
	at org.testng.SuiteRunner.privateRun(SuiteRunner.java:391)
	at org.testng.SuiteRunner.run(SuiteRunner.java:330)
	at org.testng.SuiteRunnerWorker.runSuite(SuiteRunnerWorker.java:52)
	at org.testng.SuiteRunnerWorker.run(SuiteRunnerWorker.java:95)
	at org.testng.TestNG.runSuitesSequentially(TestNG.java:1256)
	at org.testng.TestNG.runSuitesLocally(TestNG.java:1176)
	at org.testng.TestNG.runSuites(TestNG.java:1099)
	at org.testng.TestNG.run(TestNG.java:1067)
	at org.apache.maven.surefire.testng.TestNGExecutor.run(TestNGExecutor.java:308)
	at org.apache.maven.surefire.testng.TestNGXmlTestSuite.execute(TestNGXmlTestSuite.java:71)
	at org.apache.maven.surefire.testng.TestNGProvider.invoke(TestNGProvider.java:113)
	at org.apache.maven.surefire.booter.ForkedBooter.runSuitesInProcess(ForkedBooter.java:385)
	at org.apache.maven.surefire.booter.ForkedBooter.execute(ForkedBooter.java:162)
	at org.apache.maven.surefire.booter.ForkedBooter.run(ForkedBooter.java:507)
	at org.apache.maven.surefire.booter.ForkedBooter.main(ForkedBooter.java:495)
]]></failure>
  </testcase>
  <testcase name="test_GET_user" classname="com.bmg360.apiautomation.apitest.ApiTests" time="0.307">
    <system-out><![CDATA[Response from  : /api/user:200
Response from  : /api/user:{"id":58,"name":"ThinkNorth","email":"thinknorth@bmg360.com","email_verified_at":null,"current_team_id":null,"profile_photo_path":null,"password_updated_at":null,"created_at":"2024-09-05T17:25:50.000000Z","updated_at":"2024-09-05T17:25:50.000000Z","profile_photo_url":"https:\/\/ui-avatars.com\/api\/?name=T&color=7F9CF5&background=EBF4FF"}
]]></system-out>
  </testcase>
  <testcase name="test_GET_user_id_team_id" classname="com.bmg360.apiautomation.apitest.ApiTests" time="0.723">
    <system-out><![CDATA[Connecting to database...
Creating statement...
[
    {
        "user_id": 5,
        "team_id": 3
    },
    {
        "user_id": 3,
        "team_id": 5
    },
    {
        "user_id": 10,
        "team_id": 5
    },
    {
        "user_id": 17,
        "team_id": 5
    },
    {
        "user_id": 19,
        "team_id": 5
    },
    {
        "user_id": 3,
        "team_id": 6
    },
    {
        "user_id": 3,
        "team_id": 7
    },
    {
        "user_id": 17,
        "team_id": 12
    },
    {
        "user_id": 10,
        "team_id": 15
    },
    {
        "user_id": 10,
        "team_id": 19
    },
    {
        "user_id": 17,
        "team_id": 19
    },
    {
        "user_id": 19,
        "team_id": 19
    }
]
actual value : 3
actual value : 5
actual value : 5
actual value : 5
actual value : 5
actual value : 6
actual value : 7
actual value : 12
actual value : 15
actual value : 19
actual value : 19
actual value : 19
list of ids : [3, 5, 5, 5, 5, 6, 7, 12, 15, 19, 19, 19]
]]></system-out>
  </testcase>
</testsuite>