<?xml version="1.0" encoding="UTF-8"?>
<testng-results ignored="0" total="1" passed="1" failed="0" skipped="0">
  <reporter-output>
  </reporter-output>
  <suite started-at="2024-10-17T11:39:47 EDT" name="RestAssuredSuite" finished-at="2024-10-17T11:39:52 EDT" duration-ms="5220">
    <groups>
    </groups>
    <test started-at="2024-10-17T11:39:47 EDT" name="ApiTests" finished-at="2024-10-17T11:39:52 EDT" duration-ms="5220">
      <class name="com.bmg360.apiautomation.apitest.ApiTests">
        <test-method is-config="true" signature="setupEnvironment()[pri:0, instance:com.bmg360.apiautomation.apitest.ApiTests@30f4b1a6]" started-at="2024-10-17T11:39:47 EDT" name="setupEnvironment" finished-at="2024-10-17T11:39:47 EDT" duration-ms="24" status="PASS">
          <reporter-output>
          </reporter-output>
        </test-method> <!-- setupEnvironment -->
        <test-method signature="test_GET_user_id_team_id()[pri:0, instance:com.bmg360.apiautomation.apitest.ApiTests@30f4b1a6]" started-at="2024-10-17T11:39:47 EDT" name="test_GET_user_id_team_id" finished-at="2024-10-17T11:39:52 EDT" duration-ms="5114" status="PASS">
          <reporter-output>
          </reporter-output>
        </test-method> <!-- test_GET_user_id_team_id -->
        <test-method is-config="true" signature="sendAllureReportViaEmail()[pri:0, instance:com.bmg360.apiautomation.apitest.ApiTests@30f4b1a6]" started-at="2024-10-17T11:39:52 EDT" name="sendAllureReportViaEmail" finished-at="2024-10-17T11:39:54 EDT" duration-ms="1417" status="PASS">
          <reporter-output>
          </reporter-output>
        </test-method> <!-- sendAllureReportViaEmail -->
      </class> <!-- com.bmg360.apiautomation.apitest.ApiTests -->
    </test> <!-- ApiTests -->
  </suite> <!-- RestAssuredSuite -->
</testng-results>
