<?xml version="1.0" encoding="UTF-8"?>
<testsuite xmlns:xsi="http://www.w3.org/2001/XMLSchema-instance" xsi:noNamespaceSchemaLocation="https://maven.apache.org/surefire/maven-surefire-plugin/xsd/surefire-test-report-3.0.xsd" version="3.0" name="TestSuite" time="5.299" tests="3" errors="0" skipped="0" failures="1">
  <properties>
[...]
</properties>
  <testcase name="test_GET_calldetails_perday" classname="com.bmg360.apiautomation.apitest.ApiTests" time="2.986">
    <system-out><![CDATA[Random date :2024-04-19
Response from  : /api/calldetails/{calldetail}:200
Response from  : /api/calldetails/{calldetail}:[{"platform_client_id":"672013","platform_camp_id":"rr_9528796","call_count":9},{"platform_client_id":"672013","platform_camp_id":"rr_9618947","call_count":25},{"platform_client_id":"672013","platform_camp_id":"rr_9528863","call_count":7},{"platform_client_id":"672013","platform_camp_id":"rr_9528795","call_count":12},{"platform_client_id":"031919","platform_camp_id":"rr_8258801","call_count":103},{"platform_client_id":"02282024","platform_camp_id":"rr_9611233","call_count":28},{"platform_client_id":"01022024","platform_camp_id":"rr_9528973","call_count":20},{"platform_client_id":"212019","platform_camp_id":"rr_432651","call_count":56},{"platform_client_id":"10192018","platform_camp_id":"rr_9527843","call_count":9},{"platform_client_id":"672013","platform_camp_id":"rr_9528802","call_count":6},{"platform_client_id":"rr_187776","platform_camp_id":"rr_9629843","call_count":24},{"platform_client_id":"672013","platform_camp_id":"rr_9644044","call_count":5},{"platform_client_id":"9753","platform_camp_id":"rr_6765377","call_count":19},{"platform_client_id":"010220247","platform_camp_id":"rr_9528981","call_count":13},{"platform_client_id":"010220242","platform_camp_id":"rr_9528979","call_count":36},{"platform_client_id":"10192018","platform_camp_id":"rr_388803","call_count":9},{"platform_client_id":"9753","platform_camp_id":"rr_9629231","call_count":5},{"platform_client_id":"01022024","platform_camp_id":"rr_9528974","call_count":7},{"platform_client_id":"01022024","platform_camp_id":"rr_9528971","call_count":34},{"platform_client_id":"212019","platform_camp_id":"rr_796883","call_count":1},{"platform_client_id":"672013","platform_camp_id":"rr_9629841","call_count":1},{"platform_client_id":"01022024","platform_camp_id":"rr_9529005","call_count":35}]
Size of the array : 22
]]></system-out>
    <system-err><![CDATA[SLF4J: Failed to load class "org.slf4j.impl.StaticLoggerBinder".
SLF4J: Defaulting to no-operation (NOP) logger implementation
SLF4J: See http://www.slf4j.org/codes.html#StaticLoggerBinder for further details.
]]></system-err>
  </testcase>
  <testcase name="test_GET_concurrentcalls" classname="com.bmg360.apiautomation.apitest.ApiTests" time="0.328">
    <system-out><![CDATA[Response from  : /api/concurrentcallers:200
Response from  : /api/concurrentcallers:{"message":"No active calls"}
]]></system-out>
  </testcase>
  <testcase name="test_GET_record" classname="com.bmg360.apiautomation.apitest.ApiTests" time="0.346">
    <failure message="2 expectations failed.&#10;Expected status code &lt;200&gt; but was &lt;401&gt;.&#10;&#10;Expected content-type &quot;application/json&quot; doesn&apos;t match actual content-type &quot;text/html; charset=UTF-8&quot;.&#10;" type="java.lang.AssertionError"><![CDATA[java.lang.AssertionError: 
2 expectations failed.
Expected status code <200> but was <401>.

Expected content-type "application/json" doesn't match actual content-type "text/html; charset=UTF-8".

	at java.base/jdk.internal.reflect.DirectConstructorHandleAccessor.newInstance(DirectConstructorHandleAccessor.java:62)
	at java.base/java.lang.reflect.Constructor.newInstanceWithCaller(Constructor.java:502)
	at java.base/java.lang.reflect.Constructor.newInstance(Constructor.java:486)
	at org.codehaus.groovy.reflection.CachedConstructor.invoke(CachedConstructor.java:73)
	at org.codehaus.groovy.runtime.callsite.ConstructorSite$ConstructorSiteNoUnwrapNoCoerce.callConstructor(ConstructorSite.java:108)
	at org.codehaus.groovy.runtime.callsite.CallSiteArray.defaultCallConstructor(CallSiteArray.java:58)
	at org.codehaus.groovy.runtime.callsite.AbstractCallSite.callConstructor(AbstractCallSite.java:263)
	at org.codehaus.groovy.runtime.callsite.AbstractCallSite.callConstructor(AbstractCallSite.java:277)
	at io.restassured.internal.ResponseSpecificationImpl$HamcrestAssertionClosure.validate(ResponseSpecificationImpl.groovy:512)
	at io.restassured.internal.ResponseSpecificationImpl$HamcrestAssertionClosure$validate$1.call(Unknown Source)
	at io.restassured.internal.ResponseSpecificationImpl.validate(ResponseSpecificationImpl.groovy:101)
	at io.restassured.internal.ValidatableResponseOptionsImpl.spec(ValidatableResponseOptionsImpl.java:288)
	at com.bmg360.apiautomation.api.BaseTest.getWithOutQueryParameters(BaseTest.java:57)
	at com.bmg360.apiautomation.apitest.ApiTests.test_GET_record(ApiTests.java:54)
	at java.base/jdk.internal.reflect.DirectMethodHandleAccessor.invoke(DirectMethodHandleAccessor.java:103)
	at java.base/java.lang.reflect.Method.invoke(Method.java:580)
	at org.testng.internal.invokers.MethodInvocationHelper.invokeMethod(MethodInvocationHelper.java:139)
	at org.testng.internal.invokers.TestInvoker.invokeMethod(TestInvoker.java:677)
	at org.testng.internal.invokers.TestInvoker.invokeTestMethod(TestInvoker.java:221)
	at org.testng.internal.invokers.MethodRunner.runInSequence(MethodRunner.java:50)
	at org.testng.internal.invokers.TestInvoker$MethodInvocationAgent.invoke(TestInvoker.java:969)
	at org.testng.internal.invokers.TestInvoker.invokeTestMethods(TestInvoker.java:194)
	at org.testng.internal.invokers.TestMethodWorker.invokeTestMethods(TestMethodWorker.java:148)
	at org.testng.internal.invokers.TestMethodWorker.run(TestMethodWorker.java:128)
	at java.base/java.util.ArrayList.forEach(ArrayList.java:1597)
	at org.testng.TestRunner.privateRun(TestRunner.java:829)
	at org.testng.TestRunner.run(TestRunner.java:602)
	at org.testng.SuiteRunner.runTest(SuiteRunner.java:437)
	at org.testng.SuiteRunner.runSequentially(SuiteRunner.java:431)
	at org.testng.SuiteRunner.privateRun(SuiteRunner.java:391)
	at org.testng.SuiteRunner.run(SuiteRunner.java:330)
	at org.testng.SuiteRunnerWorker.runSuite(SuiteRunnerWorker.java:52)
	at org.testng.SuiteRunnerWorker.run(SuiteRunnerWorker.java:95)
	at org.testng.TestNG.runSuitesSequentially(TestNG.java:1256)
	at org.testng.TestNG.runSuitesLocally(TestNG.java:1176)
	at org.testng.TestNG.runSuites(TestNG.java:1099)
	at org.testng.TestNG.run(TestNG.java:1067)
	at org.apache.maven.surefire.testng.TestNGExecutor.run(TestNGExecutor.java:308)
	at org.apache.maven.surefire.testng.TestNGXmlTestSuite.execute(TestNGXmlTestSuite.java:71)
	at org.apache.maven.surefire.testng.TestNGProvider.invoke(TestNGProvider.java:113)
	at org.apache.maven.surefire.booter.ForkedBooter.runSuitesInProcess(ForkedBooter.java:385)
	at org.apache.maven.surefire.booter.ForkedBooter.execute(ForkedBooter.java:162)
	at org.apache.maven.surefire.booter.ForkedBooter.run(ForkedBooter.java:507)
	at org.apache.maven.surefire.booter.ForkedBooter.main(ForkedBooter.java:495)
]]></failure>
  </testcase>
</testsuite>