<?xml version="1.0" encoding="UTF-8"?>
<testng-results ignored="1" total="2" passed="1" failed="0" skipped="0">
  <reporter-output>
  </reporter-output>
  <suite started-at="2024-09-19T00:26:16 EDT" name="Default suite" finished-at="2024-09-19T00:26:19 EDT" duration-ms="3281">
    <groups>
    </groups>
    <test started-at="2024-09-19T00:26:16 EDT" name="Default test" finished-at="2024-09-19T00:26:19 EDT" duration-ms="3281">
      <class name="com.bmg360.apiautomation.apitest.ApiTests">
        <test-method signature="test_GET_calldetails_perday()[pri:0, instance:com.bmg360.apiautomation.apitest.ApiTests@55b8dbda]" started-at="2024-09-19T00:26:16 EDT" name="test_GET_calldetails_perday" finished-at="2024-09-19T00:26:19 EDT" duration-ms="3130" status="PASS">
          <reporter-output>
          </reporter-output>
        </test-method> <!-- test_GET_calldetails_perday -->
      </class> <!-- com.bmg360.apiautomation.apitest.ApiTests -->
    </test> <!-- Default test -->
  </suite> <!-- Default suite -->
</testng-results>
